<?xml version="1.0" encoding="UTF-8"?>
<testsuite xmlns:xsi="http://www.w3.org/2001/XMLSchema-instance" xsi:noNamespaceSchemaLocation="https://maven.apache.org/surefire/maven-surefire-plugin/xsd/surefire-test-report.xsd" name="com.jiekeliu.SpringbootindexApplicationTests" time="4.955" tests="1" errors="0" skipped="0" failures="0">
  <properties>
    <property name="sun.desktop" value="windows"/>
    <property name="awt.toolkit" value="sun.awt.windows.WToolkit"/>
    <property name="file.encoding.pkg" value="sun.io"/>
    <property name="java.specification.version" value="1.8"/>
    <property name="sun.cpu.isalist" value="amd64"/>
    <property name="sun.jnu.encoding" value="GBK"/>
    <property name="java.class.path" value="E:\maven-project\springbootindex\target\test-classes;E:\maven-project\springbootindex\target\classes;D:\maven\apache-maven-3.6.3-bin\maven-local-repo\com\alibaba\fastjson\1.2.9\fastjson-1.2.9.jar;D:\maven\apache-maven-3.6.3-bin\maven-local-repo\org\mybatis\spring\boot\mybatis-spring-boot-starter\2.1.2\mybatis-spring-boot-starter-2.1.2.jar;D:\maven\apache-maven-3.6.3-bin\maven-local-repo\org\springframework\boot\spring-boot-starter\2.4.0\spring-boot-starter-2.4.0.jar;D:\maven\apache-maven-3.6.3-bin\maven-local-repo\org\springframework\boot\spring-boot\2.4.0\spring-boot-2.4.0.jar;D:\maven\apache-maven-3.6.3-bin\maven-local-repo\org\springframework\boot\spring-boot-autoconfigure\2.4.0\spring-boot-autoconfigure-2.4.0.jar;D:\maven\apache-maven-3.6.3-bin\maven-local-repo\org\springframework\boot\spring-boot-starter-logging\2.4.0\spring-boot-starter-logging-2.4.0.jar;D:\maven\apache-maven-3.6.3-bin\maven-local-repo\ch\qos\logback\logback-classic\1.2.3\logback-classic-1.2.3.jar;D:\maven\apache-maven-3.6.3-bin\maven-local-repo\ch\qos\logback\logback-core\1.2.3\logback-core-1.2.3.jar;D:\maven\apache-maven-3.6.3-bin\maven-local-repo\org\apache\logging\log4j\log4j-to-slf4j\2.13.3\log4j-to-slf4j-2.13.3.jar;D:\maven\apache-maven-3.6.3-bin\maven-local-repo\org\apache\logging\log4j\log4j-api\2.13.3\log4j-api-2.13.3.jar;D:\maven\apache-maven-3.6.3-bin\maven-local-repo\org\slf4j\jul-to-slf4j\1.7.30\jul-to-slf4j-1.7.30.jar;D:\maven\apache-maven-3.6.3-bin\maven-local-repo\jakarta\annotation\jakarta.annotation-api\1.3.5\jakarta.annotation-api-1.3.5.jar;D:\maven\apache-maven-3.6.3-bin\maven-local-repo\org\yaml\snakeyaml\1.27\snakeyaml-1.27.jar;D:\maven\apache-maven-3.6.3-bin\maven-local-repo\org\mybatis\spring\boot\mybatis-spring-boot-autoconfigure\2.1.2\mybatis-spring-boot-autoconfigure-2.1.2.jar;D:\maven\apache-maven-3.6.3-bin\maven-local-repo\org\mybatis\mybatis\3.5.4\mybatis-3.5.4.jar;D:\maven\apache-maven-3.6.3-bin\maven-local-repo\org\mybatis\mybatis-spring\2.0.4\mybatis-spring-2.0.4.jar;D:\maven\apache-maven-3.6.3-bin\maven-local-repo\org\springframework\boot\spring-boot-starter-jdbc\2.4.0\spring-boot-starter-jdbc-2.4.0.jar;D:\maven\apache-maven-3.6.3-bin\maven-local-repo\com\zaxxer\HikariCP\3.4.5\HikariCP-3.4.5.jar;D:\maven\apache-maven-3.6.3-bin\maven-local-repo\org\slf4j\slf4j-api\1.7.30\slf4j-api-1.7.30.jar;D:\maven\apache-maven-3.6.3-bin\maven-local-repo\org\springframework\spring-jdbc\5.3.1\spring-jdbc-5.3.1.jar;D:\maven\apache-maven-3.6.3-bin\maven-local-repo\org\springframework\spring-beans\5.3.1\spring-beans-5.3.1.jar;D:\maven\apache-maven-3.6.3-bin\maven-local-repo\org\springframework\spring-tx\5.3.1\spring-tx-5.3.1.jar;D:\maven\apache-maven-3.6.3-bin\maven-local-repo\org\springframework\boot\spring-boot-starter-web\2.4.0\spring-boot-starter-web-2.4.0.jar;D:\maven\apache-maven-3.6.3-bin\maven-local-repo\org\springframework\boot\spring-boot-starter-json\2.4.0\spring-boot-starter-json-2.4.0.jar;D:\maven\apache-maven-3.6.3-bin\maven-local-repo\com\fasterxml\jackson\core\jackson-databind\2.11.3\jackson-databind-2.11.3.jar;D:\maven\apache-maven-3.6.3-bin\maven-local-repo\com\fasterxml\jackson\core\jackson-annotations\2.11.3\jackson-annotations-2.11.3.jar;D:\maven\apache-maven-3.6.3-bin\maven-local-repo\com\fasterxml\jackson\core\jackson-core\2.11.3\jackson-core-2.11.3.jar;D:\maven\apache-maven-3.6.3-bin\maven-local-repo\com\fasterxml\jackson\datatype\jackson-datatype-jdk8\2.11.3\jackson-datatype-jdk8-2.11.3.jar;D:\maven\apache-maven-3.6.3-bin\maven-local-repo\com\fasterxml\jackson\datatype\jackson-datatype-jsr310\2.11.3\jackson-datatype-jsr310-2.11.3.jar;D:\maven\apache-maven-3.6.3-bin\maven-local-repo\com\fasterxml\jackson\module\jackson-module-parameter-names\2.11.3\jackson-module-parameter-names-2.11.3.jar;D:\maven\apache-maven-3.6.3-bin\maven-local-repo\org\springframework\boot\spring-boot-starter-tomcat\2.4.0\spring-boot-starter-tomcat-2.4.0.jar;D:\maven\apache-maven-3.6.3-bin\maven-local-repo\org\apache\tomcat\embed\tomcat-embed-core\9.0.39\tomcat-embed-core-9.0.39.jar;D:\maven\apache-maven-3.6.3-bin\maven-local-repo\org\glassfish\jakarta.el\3.0.3\jakarta.el-3.0.3.jar;D:\maven\apache-maven-3.6.3-bin\maven-local-repo\org\apache\tomcat\embed\tomcat-embed-websocket\9.0.39\tomcat-embed-websocket-9.0.39.jar;D:\maven\apache-maven-3.6.3-bin\maven-local-repo\org\springframework\spring-web\5.3.1\spring-web-5.3.1.jar;D:\maven\apache-maven-3.6.3-bin\maven-local-repo\org\springframework\spring-webmvc\5.3.1\spring-webmvc-5.3.1.jar;D:\maven\apache-maven-3.6.3-bin\maven-local-repo\org\springframework\spring-aop\5.3.1\spring-aop-5.3.1.jar;D:\maven\apache-maven-3.6.3-bin\maven-local-repo\org\springframework\spring-context\5.3.1\spring-context-5.3.1.jar;D:\maven\apache-maven-3.6.3-bin\maven-local-repo\org\springframework\spring-expression\5.3.1\spring-expression-5.3.1.jar;D:\maven\apache-maven-3.6.3-bin\maven-local-repo\mysql\mysql-connector-java\8.0.22\mysql-connector-java-8.0.22.jar;D:\maven\apache-maven-3.6.3-bin\maven-local-repo\org\projectlombok\lombok\1.18.16\lombok-1.18.16.jar;D:\maven\apache-maven-3.6.3-bin\maven-local-repo\org\springframework\boot\spring-boot-starter-test\2.4.0\spring-boot-starter-test-2.4.0.jar;D:\maven\apache-maven-3.6.3-bin\maven-local-repo\org\springframework\boot\spring-boot-test\2.4.0\spring-boot-test-2.4.0.jar;D:\maven\apache-maven-3.6.3-bin\maven-local-repo\org\springframework\boot\spring-boot-test-autoconfigure\2.4.0\spring-boot-test-autoconfigure-2.4.0.jar;D:\maven\apache-maven-3.6.3-bin\maven-local-repo\com\jayway\jsonpath\json-path\2.4.0\json-path-2.4.0.jar;D:\maven\apache-maven-3.6.3-bin\maven-local-repo\net\minidev\json-smart\2.3\json-smart-2.3.jar;D:\maven\apache-maven-3.6.3-bin\maven-local-repo\net\minidev\accessors-smart\1.2\accessors-smart-1.2.jar;D:\maven\apache-maven-3.6.3-bin\maven-local-repo\org\ow2\asm\asm\5.0.4\asm-5.0.4.jar;D:\maven\apache-maven-3.6.3-bin\maven-local-repo\jakarta\xml\bind\jakarta.xml.bind-api\2.3.3\jakarta.xml.bind-api-2.3.3.jar;D:\maven\apache-maven-3.6.3-bin\maven-local-repo\jakarta\activation\jakarta.activation-api\1.2.2\jakarta.activation-api-1.2.2.jar;D:\maven\apache-maven-3.6.3-bin\maven-local-repo\org\assertj\assertj-core\3.18.1\assertj-core-3.18.1.jar;D:\maven\apache-maven-3.6.3-bin\maven-local-repo\org\hamcrest\hamcrest\2.2\hamcrest-2.2.jar;D:\maven\apache-maven-3.6.3-bin\maven-local-repo\org\junit\jupiter\junit-jupiter\5.7.0\junit-jupiter-5.7.0.jar;D:\maven\apache-maven-3.6.3-bin\maven-local-repo\org\junit\jupiter\junit-jupiter-api\5.7.0\junit-jupiter-api-5.7.0.jar;D:\maven\apache-maven-3.6.3-bin\maven-local-repo\org\apiguardian\apiguardian-api\1.1.0\apiguardian-api-1.1.0.jar;D:\maven\apache-maven-3.6.3-bin\maven-local-repo\org\opentest4j\opentest4j\1.2.0\opentest4j-1.2.0.jar;D:\maven\apache-maven-3.6.3-bin\maven-local-repo\org\junit\platform\junit-platform-commons\1.7.0\junit-platform-commons-1.7.0.jar;D:\maven\apache-maven-3.6.3-bin\maven-local-repo\org\junit\jupiter\junit-jupiter-params\5.7.0\junit-jupiter-params-5.7.0.jar;D:\maven\apache-maven-3.6.3-bin\maven-local-repo\org\junit\jupiter\junit-jupiter-engine\5.7.0\junit-jupiter-engine-5.7.0.jar;D:\maven\apache-maven-3.6.3-bin\maven-local-repo\org\junit\platform\junit-platform-engine\1.7.0\junit-platform-engine-1.7.0.jar;D:\maven\apache-maven-3.6.3-bin\maven-local-repo\org\mockito\mockito-core\3.6.0\mockito-core-3.6.0.jar;D:\maven\apache-maven-3.6.3-bin\maven-local-repo\net\bytebuddy\byte-buddy\1.10.18\byte-buddy-1.10.18.jar;D:\maven\apache-maven-3.6.3-bin\maven-local-repo\net\bytebuddy\byte-buddy-agent\1.10.18\byte-buddy-agent-1.10.18.jar;D:\maven\apache-maven-3.6.3-bin\maven-local-repo\org\objenesis\objenesis\3.1\objenesis-3.1.jar;D:\maven\apache-maven-3.6.3-bin\maven-local-repo\org\mockito\mockito-junit-jupiter\3.6.0\mockito-junit-jupiter-3.6.0.jar;D:\maven\apache-maven-3.6.3-bin\maven-local-repo\org\skyscreamer\jsonassert\1.5.0\jsonassert-1.5.0.jar;D:\maven\apache-maven-3.6.3-bin\maven-local-repo\com\vaadin\external\google\android-json\0.0.20131108.vaadin1\android-json-0.0.20131108.vaadin1.jar;D:\maven\apache-maven-3.6.3-bin\maven-local-repo\org\springframework\spring-core\5.3.1\spring-core-5.3.1.jar;D:\maven\apache-maven-3.6.3-bin\maven-local-repo\org\springframework\spring-jcl\5.3.1\spring-jcl-5.3.1.jar;D:\maven\apache-maven-3.6.3-bin\maven-local-repo\org\springframework\spring-test\5.3.1\spring-test-5.3.1.jar;D:\maven\apache-maven-3.6.3-bin\maven-local-repo\org\xmlunit\xmlunit-core\2.7.0\xmlunit-core-2.7.0.jar;"/>
    <property name="java.vm.vendor" value="Oracle Corporation"/>
    <property name="sun.arch.data.model" value="64"/>
    <property name="user.variant" value=""/>
    <property name="java.vendor.url" value="http://java.oracle.com/"/>
    <property name="user.timezone" value="Asia/Shanghai"/>
    <property name="java.vm.specification.version" value="1.8"/>
    <property name="os.name" value="Windows 7"/>
    <property name="user.country" value="CN"/>
    <property name="sun.java.launcher" value="SUN_STANDARD"/>
    <property name="sun.boot.library.path" value="D:\jdk\jre\bin"/>
    <property name="sun.java.command" value="C:\Users\ADMINI~1\AppData\Local\Temp\surefire2793689663471359971\surefirebooter8734096909640218549.jar C:\Users\Administrator\AppData\Local\Temp\surefire2793689663471359971 2020-12-16T20-18-53_384-jvmRun1 surefire4094167863901125326tmp surefire_04919141209532057081tmp"/>
    <property name="surefire.test.class.path" value="E:\maven-project\springbootindex\target\test-classes;E:\maven-project\springbootindex\target\classes;D:\maven\apache-maven-3.6.3-bin\maven-local-repo\com\alibaba\fastjson\1.2.9\fastjson-1.2.9.jar;D:\maven\apache-maven-3.6.3-bin\maven-local-repo\org\mybatis\spring\boot\mybatis-spring-boot-starter\2.1.2\mybatis-spring-boot-starter-2.1.2.jar;D:\maven\apache-maven-3.6.3-bin\maven-local-repo\org\springframework\boot\spring-boot-starter\2.4.0\spring-boot-starter-2.4.0.jar;D:\maven\apache-maven-3.6.3-bin\maven-local-repo\org\springframework\boot\spring-boot\2.4.0\spring-boot-2.4.0.jar;D:\maven\apache-maven-3.6.3-bin\maven-local-repo\org\springframework\boot\spring-boot-autoconfigure\2.4.0\spring-boot-autoconfigure-2.4.0.jar;D:\maven\apache-maven-3.6.3-bin\maven-local-repo\org\springframework\boot\spring-boot-starter-logging\2.4.0\spring-boot-starter-logging-2.4.0.jar;D:\maven\apache-maven-3.6.3-bin\maven-local-repo\ch\qos\logback\logback-classic\1.2.3\logback-classic-1.2.3.jar;D:\maven\apache-maven-3.6.3-bin\maven-local-repo\ch\qos\logback\logback-core\1.2.3\logback-core-1.2.3.jar;D:\maven\apache-maven-3.6.3-bin\maven-local-repo\org\apache\logging\log4j\log4j-to-slf4j\2.13.3\log4j-to-slf4j-2.13.3.jar;D:\maven\apache-maven-3.6.3-bin\maven-local-repo\org\apache\logging\log4j\log4j-api\2.13.3\log4j-api-2.13.3.jar;D:\maven\apache-maven-3.6.3-bin\maven-local-repo\org\slf4j\jul-to-slf4j\1.7.30\jul-to-slf4j-1.7.30.jar;D:\maven\apache-maven-3.6.3-bin\maven-local-repo\jakarta\annotation\jakarta.annotation-api\1.3.5\jakarta.annotation-api-1.3.5.jar;D:\maven\apache-maven-3.6.3-bin\maven-local-repo\org\yaml\snakeyaml\1.27\snakeyaml-1.27.jar;D:\maven\apache-maven-3.6.3-bin\maven-local-repo\org\mybatis\spring\boot\mybatis-spring-boot-autoconfigure\2.1.2\mybatis-spring-boot-autoconfigure-2.1.2.jar;D:\maven\apache-maven-3.6.3-bin\maven-local-repo\org\mybatis\mybatis\3.5.4\mybatis-3.5.4.jar;D:\maven\apache-maven-3.6.3-bin\maven-local-repo\org\mybatis\mybatis-spring\2.0.4\mybatis-spring-2.0.4.jar;D:\maven\apache-maven-3.6.3-bin\maven-local-repo\org\springframework\boot\spring-boot-starter-jdbc\2.4.0\spring-boot-starter-jdbc-2.4.0.jar;D:\maven\apache-maven-3.6.3-bin\maven-local-repo\com\zaxxer\HikariCP\3.4.5\HikariCP-3.4.5.jar;D:\maven\apache-maven-3.6.3-bin\maven-local-repo\org\slf4j\slf4j-api\1.7.30\slf4j-api-1.7.30.jar;D:\maven\apache-maven-3.6.3-bin\maven-local-repo\org\springframework\spring-jdbc\5.3.1\spring-jdbc-5.3.1.jar;D:\maven\apache-maven-3.6.3-bin\maven-local-repo\org\springframework\spring-beans\5.3.1\spring-beans-5.3.1.jar;D:\maven\apache-maven-3.6.3-bin\maven-local-repo\org\springframework\spring-tx\5.3.1\spring-tx-5.3.1.jar;D:\maven\apache-maven-3.6.3-bin\maven-local-repo\org\springframework\boot\spring-boot-starter-web\2.4.0\spring-boot-starter-web-2.4.0.jar;D:\maven\apache-maven-3.6.3-bin\maven-local-repo\org\springframework\boot\spring-boot-starter-json\2.4.0\spring-boot-starter-json-2.4.0.jar;D:\maven\apache-maven-3.6.3-bin\maven-local-repo\com\fasterxml\jackson\core\jackson-databind\2.11.3\jackson-databind-2.11.3.jar;D:\maven\apache-maven-3.6.3-bin\maven-local-repo\com\fasterxml\jackson\core\jackson-annotations\2.11.3\jackson-annotations-2.11.3.jar;D:\maven\apache-maven-3.6.3-bin\maven-local-repo\com\fasterxml\jackson\core\jackson-core\2.11.3\jackson-core-2.11.3.jar;D:\maven\apache-maven-3.6.3-bin\maven-local-repo\com\fasterxml\jackson\datatype\jackson-datatype-jdk8\2.11.3\jackson-datatype-jdk8-2.11.3.jar;D:\maven\apache-maven-3.6.3-bin\maven-local-repo\com\fasterxml\jackson\datatype\jackson-datatype-jsr310\2.11.3\jackson-datatype-jsr310-2.11.3.jar;D:\maven\apache-maven-3.6.3-bin\maven-local-repo\com\fasterxml\jackson\module\jackson-module-parameter-names\2.11.3\jackson-module-parameter-names-2.11.3.jar;D:\maven\apache-maven-3.6.3-bin\maven-local-repo\org\springframework\boot\spring-boot-starter-tomcat\2.4.0\spring-boot-starter-tomcat-2.4.0.jar;D:\maven\apache-maven-3.6.3-bin\maven-local-repo\org\apache\tomcat\embed\tomcat-embed-core\9.0.39\tomcat-embed-core-9.0.39.jar;D:\maven\apache-maven-3.6.3-bin\maven-local-repo\org\glassfish\jakarta.el\3.0.3\jakarta.el-3.0.3.jar;D:\maven\apache-maven-3.6.3-bin\maven-local-repo\org\apache\tomcat\embed\tomcat-embed-websocket\9.0.39\tomcat-embed-websocket-9.0.39.jar;D:\maven\apache-maven-3.6.3-bin\maven-local-repo\org\springframework\spring-web\5.3.1\spring-web-5.3.1.jar;D:\maven\apache-maven-3.6.3-bin\maven-local-repo\org\springframework\spring-webmvc\5.3.1\spring-webmvc-5.3.1.jar;D:\maven\apache-maven-3.6.3-bin\maven-local-repo\org\springframework\spring-aop\5.3.1\spring-aop-5.3.1.jar;D:\maven\apache-maven-3.6.3-bin\maven-local-repo\org\springframework\spring-context\5.3.1\spring-context-5.3.1.jar;D:\maven\apache-maven-3.6.3-bin\maven-local-repo\org\springframework\spring-expression\5.3.1\spring-expression-5.3.1.jar;D:\maven\apache-maven-3.6.3-bin\maven-local-repo\mysql\mysql-connector-java\8.0.22\mysql-connector-java-8.0.22.jar;D:\maven\apache-maven-3.6.3-bin\maven-local-repo\org\projectlombok\lombok\1.18.16\lombok-1.18.16.jar;D:\maven\apache-maven-3.6.3-bin\maven-local-repo\org\springframework\boot\spring-boot-starter-test\2.4.0\spring-boot-starter-test-2.4.0.jar;D:\maven\apache-maven-3.6.3-bin\maven-local-repo\org\springframework\boot\spring-boot-test\2.4.0\spring-boot-test-2.4.0.jar;D:\maven\apache-maven-3.6.3-bin\maven-local-repo\org\springframework\boot\spring-boot-test-autoconfigure\2.4.0\spring-boot-test-autoconfigure-2.4.0.jar;D:\maven\apache-maven-3.6.3-bin\maven-local-repo\com\jayway\jsonpath\json-path\2.4.0\json-path-2.4.0.jar;D:\maven\apache-maven-3.6.3-bin\maven-local-repo\net\minidev\json-smart\2.3\json-smart-2.3.jar;D:\maven\apache-maven-3.6.3-bin\maven-local-repo\net\minidev\accessors-smart\1.2\accessors-smart-1.2.jar;D:\maven\apache-maven-3.6.3-bin\maven-local-repo\org\ow2\asm\asm\5.0.4\asm-5.0.4.jar;D:\maven\apache-maven-3.6.3-bin\maven-local-repo\jakarta\xml\bind\jakarta.xml.bind-api\2.3.3\jakarta.xml.bind-api-2.3.3.jar;D:\maven\apache-maven-3.6.3-bin\maven-local-repo\jakarta\activation\jakarta.activation-api\1.2.2\jakarta.activation-api-1.2.2.jar;D:\maven\apache-maven-3.6.3-bin\maven-local-repo\org\assertj\assertj-core\3.18.1\assertj-core-3.18.1.jar;D:\maven\apache-maven-3.6.3-bin\maven-local-repo\org\hamcrest\hamcrest\2.2\hamcrest-2.2.jar;D:\maven\apache-maven-3.6.3-bin\maven-local-repo\org\junit\jupiter\junit-jupiter\5.7.0\junit-jupiter-5.7.0.jar;D:\maven\apache-maven-3.6.3-bin\maven-local-repo\org\junit\jupiter\junit-jupiter-api\5.7.0\junit-jupiter-api-5.7.0.jar;D:\maven\apache-maven-3.6.3-bin\maven-local-repo\org\apiguardian\apiguardian-api\1.1.0\apiguardian-api-1.1.0.jar;D:\maven\apache-maven-3.6.3-bin\maven-local-repo\org\opentest4j\opentest4j\1.2.0\opentest4j-1.2.0.jar;D:\maven\apache-maven-3.6.3-bin\maven-local-repo\org\junit\platform\junit-platform-commons\1.7.0\junit-platform-commons-1.7.0.jar;D:\maven\apache-maven-3.6.3-bin\maven-local-repo\org\junit\jupiter\junit-jupiter-params\5.7.0\junit-jupiter-params-5.7.0.jar;D:\maven\apache-maven-3.6.3-bin\maven-local-repo\org\junit\jupiter\junit-jupiter-engine\5.7.0\junit-jupiter-engine-5.7.0.jar;D:\maven\apache-maven-3.6.3-bin\maven-local-repo\org\junit\platform\junit-platform-engine\1.7.0\junit-platform-engine-1.7.0.jar;D:\maven\apache-maven-3.6.3-bin\maven-local-repo\org\mockito\mockito-core\3.6.0\mockito-core-3.6.0.jar;D:\maven\apache-maven-3.6.3-bin\maven-local-repo\net\bytebuddy\byte-buddy\1.10.18\byte-buddy-1.10.18.jar;D:\maven\apache-maven-3.6.3-bin\maven-local-repo\net\bytebuddy\byte-buddy-agent\1.10.18\byte-buddy-agent-1.10.18.jar;D:\maven\apache-maven-3.6.3-bin\maven-local-repo\org\objenesis\objenesis\3.1\objenesis-3.1.jar;D:\maven\apache-maven-3.6.3-bin\maven-local-repo\org\mockito\mockito-junit-jupiter\3.6.0\mockito-junit-jupiter-3.6.0.jar;D:\maven\apache-maven-3.6.3-bin\maven-local-repo\org\skyscreamer\jsonassert\1.5.0\jsonassert-1.5.0.jar;D:\maven\apache-maven-3.6.3-bin\maven-local-repo\com\vaadin\external\google\android-json\0.0.20131108.vaadin1\android-json-0.0.20131108.vaadin1.jar;D:\maven\apache-maven-3.6.3-bin\maven-local-repo\org\springframework\spring-core\5.3.1\spring-core-5.3.1.jar;D:\maven\apache-maven-3.6.3-bin\maven-local-repo\org\springframework\spring-jcl\5.3.1\spring-jcl-5.3.1.jar;D:\maven\apache-maven-3.6.3-bin\maven-local-repo\org\springframework\spring-test\5.3.1\spring-test-5.3.1.jar;D:\maven\apache-maven-3.6.3-bin\maven-local-repo\org\xmlunit\xmlunit-core\2.7.0\xmlunit-core-2.7.0.jar;"/>
    <property name="sun.cpu.endian" value="little"/>
    <property name="user.home" value="C:\Users\Administrator"/>
    <property name="user.language" value="zh"/>
    <property name="java.specification.vendor" value="Oracle Corporation"/>
    <property name="java.home" value="D:\jdk\jre"/>
    <property name="basedir" value="E:\maven-project\springbootindex"/>
    <property name="file.separator" value="\"/>
    <property name="line.separator" value="&#10;"/>
    <property name="java.vm.specification.vendor" value="Oracle Corporation"/>
    <property name="java.specification.name" value="Java Platform API Specification"/>
    <property name="java.awt.graphicsenv" value="sun.awt.Win32GraphicsEnvironment"/>
    <property name="surefire.real.class.path" value="C:\Users\ADMINI~1\AppData\Local\Temp\surefire2793689663471359971\surefirebooter8734096909640218549.jar"/>
    <property name="sun.boot.class.path" value="D:\jdk\jre\lib\resources.jar;D:\jdk\jre\lib\rt.jar;D:\jdk\jre\lib\sunrsasign.jar;D:\jdk\jre\lib\jsse.jar;D:\jdk\jre\lib\jce.jar;D:\jdk\jre\lib\charsets.jar;D:\jdk\jre\lib\jfr.jar;D:\jdk\jre\classes"/>
    <property name="user.script" value=""/>
    <property name="sun.management.compiler" value="HotSpot 64-Bit Tiered Compilers"/>
    <property name="java.runtime.version" value="1.8.0_161-b12"/>
    <property name="user.name" value="Administrator"/>
    <property name="path.separator" value=";"/>
    <property name="os.version" value="6.1"/>
    <property name="java.endorsed.dirs" value="D:\jdk\jre\lib\endorsed"/>
    <property name="java.runtime.name" value="Java(TM) SE Runtime Environment"/>
    <property name="file.encoding" value="GBK"/>
    <property name="java.vm.name" value="Java HotSpot(TM) 64-Bit Server VM"/>
    <property name="localRepository" value="D:\maven\apache-maven-3.6.3-bin\maven-local-repo"/>
    <property name="java.vendor.url.bug" value="http://bugreport.sun.com/bugreport/"/>
    <property name="java.io.tmpdir" value="C:\Users\ADMINI~1\AppData\Local\Temp\"/>
    <property name="idea.version" value="2020.2.3"/>
    <property name="java.version" value="1.8.0_161"/>
    <property name="user.dir" value="E:\maven-project\springbootindex"/>
    <property name="os.arch" value="amd64"/>
    <property name="java.vm.specification.name" value="Java Virtual Machine Specification"/>
    <property name="java.awt.printerjob" value="sun.awt.windows.WPrinterJob"/>
    <property name="sun.os.patch.level" value="Service Pack 1"/>
    <property name="java.library.path" value="D:\jdk\jre\bin;C:\Windows\Sun\Java\bin;C:\Windows\system32;C:\Windows;D:\python\Scripts\;D:\python\;C:\Windows\system32;C:\Windows;C:\Windows\System32\Wbem;C:\Windows\System32\WindowsPowerShell\v1.0\;D:\jdk\bin;D:\jdk\jre\bin;D:\eclipse\android-sdk-windows\platform-tools;D:\pycharm\PyCharm Community Edition 2019.2.3;D:\vue\node_global;D:\vue\;D:\phpstudy_pro\Extensions\php\php7.3.4nts;D:\phpstudy_pro\Extensions\php\php7.3.4nts\ext;D:\Git\Git\cmd;D:\phpstudy_pro\Extensions\composer1.8.5;D:\oracle\instantclient-basic-windows.x64-12.2.0.1.0\instantclient_12_2;D:\maven\apache-maven-3.6.3-bin\apache-maven-3.6.3\bin;C:\Users\Administrator\AppData\Roaming\npm;D:\phpstorm\PhpStorm 2020.1\bin;;D:\Webstorm\WebStorm 2020.1\bin;;D:\IDEA\IntelliJ IDEA 2020.1.3\bin;;."/>
    <property name="java.vm.info" value="mixed mode"/>
    <property name="java.vendor" value="Oracle Corporation"/>
    <property name="java.vm.version" value="25.161-b12"/>
    <property name="java.ext.dirs" value="D:\jdk\jre\lib\ext;C:\Windows\Sun\Java\lib\ext"/>
    <property name="sun.io.unicode.encoding" value="UnicodeLittle"/>
    <property name="maven.repo.local" value="D:\maven\apache-maven-3.6.3-bin\maven-local-repo"/>
    <property name="java.class.version" value="52.0"/>
  </properties>
  <testcase name="contextLoads" classname="com.jiekeliu.SpringbootindexApplicationTests" time="0.349"/>
</testsuite>